2026-05-21 01:00:16,538 - INFO - 🎬 CLI Layer invoked with user arguments.
2026-05-21 01:00:16,539 - INFO - 🔌 Initializing Binance Futures Testnet Client...
2026-05-21 01:00:17,739 - INFO - 🚀 Sending LIMIT BUY order for 0.005 BTCUSDT...
2026-05-21 01:00:17,956 - INFO - ✅ Order Placed Successfully! Order ID: 13169340789
2026-05-21 01:56:49,239 - INFO - 🎬 CLI Layer invoked with user arguments.
2026-05-21 01:56:49,239 - INFO - 🔌 Initializing Binance Futures Testnet Client...
2026-05-21 01:56:49,567 - INFO - 🚀 Sending STOP_LIMIT BUY order for 0.005 BTCUSDT...
2026-05-21 01:56:49,993 - ERROR - ❌ Binance API Error: [400] Invalid orderType.
2026-05-21 01:59:11,332 - INFO - 🎬 CLI Layer invoked with user arguments.
2026-05-21 01:59:11,332 - INFO - 🔌 Initializing Binance Futures Testnet Client...
2026-05-21 01:59:12,847 - INFO - 🚀 Sending STOP_LIMIT BUY order for 0.005 BTCUSDT...
2026-05-21 01:59:13,372 - ERROR - ❌ Binance API Error: [400] Order would immediately trigger.
2026-05-21 02:04:35,851 - INFO - 🎬 CLI Layer invoked with user arguments.
2026-05-21 02:04:35,853 - INFO - 🔌 Initializing Binance Futures Testnet Client...
2026-05-21 02:04:37,326 - INFO - 🚀 Sending STOP_LIMIT BUY order for 0.005 BTCUSDT...
2026-05-21 02:04:37,754 - ERROR - ❌ Binance API Error: [400] Order would immediately trigger.
2026-05-21 12:38:13,548 - INFO - 🎬 CLI Layer invoked with user arguments.
2026-05-21 12:38:13,554 - INFO - 🔌 Initializing Binance Futures Testnet Client...
2026-05-21 12:38:13,792 - INFO - 🚀 Sending STOP_LIMIT BUY order for 0.005 BTCUSDT...
2026-05-21 12:38:14,162 - ERROR - ❌ Binance API Error: [400] Order would immediately trigger.
2026-05-21 12:39:40,622 - INFO - 🎬 CLI Layer invoked with user arguments.
2026-05-21 12:39:40,628 - INFO - 🔌 Initializing Binance Futures Testnet Client...
2026-05-21 12:39:41,139 - INFO - 🚀 Sending STOP_LIMIT BUY order for 0.005 BTCUSDT...
2026-05-21 12:39:41,745 - ERROR - ❌ Binance API Error: [400] Order would immediately trigger.
2026-05-21 12:39:51,022 - INFO - 🎬 CLI Layer invoked with user arguments.
2026-05-21 12:39:51,022 - INFO - 🔌 Initializing Binance Futures Testnet Client...
2026-05-21 12:39:51,490 - INFO - 🚀 Sending STOP_LIMIT BUY order for 0.005 BTCUSDT...
2026-05-21 12:39:51,730 - ERROR - ❌ Binance API Error: [400] Order would immediately trigger.
2026-05-21 12:39:59,321 - INFO - 🎬 CLI Layer invoked with user arguments.
2026-05-21 12:39:59,321 - INFO - 🔌 Initializing Binance Futures Testnet Client...
2026-05-21 12:40:00,535 - INFO - 🚀 Sending STOP_LIMIT BUY order for 0.005 BTCUSDT...
2026-05-21 12:40:00,766 - INFO - ✅ Order Placed Successfully! Order ID: None
2026-05-21 12:43:19,020 - INFO - 🎬 CLI Layer invoked with user arguments.
2026-05-21 12:43:19,020 - INFO - 🔌 Initializing Binance Futures Testnet Client...
2026-05-21 12:43:20,458 - INFO - 🚀 Sending STOP_LIMIT BUY order for 0.005 BTCUSDT...
2026-05-21 12:43:20,897 - INFO - ✅ Order Placed Successfully! Order ID: None
2026-05-21 12:46:35,219 - INFO - 🎬 CLI Layer invoked with user arguments.
2026-05-21 12:46:35,219 - INFO - 🔌 Initializing Binance Futures Testnet Client...
2026-05-21 12:46:35,680 - INFO - 🚀 Sending STOP_LIMIT BUY order for 0.005 BTCUSDT...
2026-05-21 12:46:36,031 - INFO - ✅ Order Placed Successfully! Order ID: None
